<?xml version="1.0" encoding="UTF-8" standalone="no"?>
<!DOCTYPE log SYSTEM "logger.dtd">
<log>
<record>
  <date>2021-04-05T00:43:15</date>
  <millis>1617558195011</millis>
  <sequence>0</sequence>
  <logger>com.javacodegeeks.snippets.core</logger>
  <level>SEVERE</level>
  <class>observerpattern.LogFile</class>
  <method>update</method>
  <thread>1</thread>
  <message>baby</message>
</record>
</log>
<?xml version="1.0" encoding="UTF-8" standalone="no"?>
<!DOCTYPE log SYSTEM "logger.dtd">
<log>
<record>
  <date>2021-04-05T01:03:18</date>
  <millis>1617559398863</millis>
  <sequence>0</sequence>
  <logger>com.javacodegeeks.snippets.core</logger>
  <level>WARNING</level>
  <class>observerpattern.LogFileEdit</class>
  <method>update</method>
  <thread>1</thread>
  <message>baby change to bay</message>
</record>
</log>
<?xml version="1.0" encoding="UTF-8" standalone="no"?>
<!DOCTYPE log SYSTEM "logger.dtd">
<log>
<record>
  <date>2021-04-05T01:06:06</date>
  <millis>1617559566708</millis>
  <sequence>0</sequence>
  <logger>com.javacodegeeks.snippets.core</logger>
  <level>WARNING</level>
  <class>observerpattern.LogFileEdit</class>
  <method>update</method>
  <thread>1</thread>
  <message>bay change to babara</message>
</record>
</log>
<?xml version="1.0" encoding="UTF-8" standalone="no"?>
<!DOCTYPE log SYSTEM "logger.dtd">
<log>
<record>
  <date>2021-04-05T01:07:32</date>
  <millis>1617559652382</millis>
  <sequence>0</sequence>
  <logger>com.javacodegeeks.snippets.core</logger>
  <level>SEVERE</level>
  <class>observerpattern.LogFile</class>
  <method>update</method>
  <thread>1</thread>
  <message>fuku</message>
</record>
</log>
<?xml version="1.0" encoding="UTF-8" standalone="no"?>
<!DOCTYPE log SYSTEM "logger.dtd">
<log>
<record>
  <date>2021-04-05T01:08:09</date>
  <millis>1617559689743</millis>
  <sequence>0</sequence>
  <logger>com.javacodegeeks.snippets.core</logger>
  <level>WARNING</level>
  <class>observerpattern.LogFileEdit</class>
  <method>update</method>
  <thread>1</thread>
  <message>fuku change to daifuku</message>
</record>
</log>
<?xml version="1.0" encoding="windows-1252" standalone="no"?>
<!DOCTYPE log SYSTEM "logger.dtd">
<log>
<record>
  <date>2021-04-05T02:29:41</date>
  <millis>1617564581791</millis>
  <sequence>0</sequence>
  <logger>com.javacodegeeks.snippets.core</logger>
  <level>SEVERE</level>
  <class>main.java.LogFile</class>
  <method>update</method>
  <thread>1</thread>
  <message>baby</message>
</record>
</log>
<?xml version="1.0" encoding="windows-1252" standalone="no"?>
<!DOCTYPE log SYSTEM "logger.dtd">
<log>
<record>
  <date>2021-04-05T02:33:52</date>
  <millis>1617564832313</millis>
  <sequence>0</sequence>
  <logger>com.javacodegeeks.snippets.core</logger>
  <level>SEVERE</level>
  <class>main.java.LogFile</class>
  <method>update</method>
  <thread>1</thread>
  <message>baby</message>
</record>
</log>
<?xml version="1.0" encoding="windows-1252" standalone="no"?>
<!DOCTYPE log SYSTEM "logger.dtd">
<log>
<record>
  <date>2021-04-05T02:36:12</date>
  <millis>1617564972747</millis>
  <sequence>0</sequence>
  <logger>com.javacodegeeks.snippets.core</logger>
  <level>SEVERE</level>
  <class>main.java.LogFile</class>
  <method>update</method>
  <thread>1</thread>
  <message>baby</message>
</record>
</log>
<?xml version="1.0" encoding="windows-1252" standalone="no"?>
<!DOCTYPE log SYSTEM "logger.dtd">
<log>
<record>
  <date>2021-04-05T02:37:26</date>
  <millis>1617565046889</millis>
  <sequence>0</sequence>
  <logger>com.javacodegeeks.snippets.core</logger>
  <level>SEVERE</level>
  <class>main.java.LogFile</class>
  <method>update</method>
  <thread>1</thread>
  <message>baby</message>
</record>
</log>
<?xml version="1.0" encoding="windows-1252" standalone="no"?>
<!DOCTYPE log SYSTEM "logger.dtd">
<log>
<record>
  <date>2021-04-05T02:37:43</date>
  <millis>1617565063456</millis>
  <sequence>0</sequence>
  <logger>com.javacodegeeks.snippets.core</logger>
  <level>SEVERE</level>
  <class>main.java.LogFile</class>
  <method>update</method>
  <thread>1</thread>
  <message>baby</message>
</record>
</log>
<?xml version="1.0" encoding="windows-1252" standalone="no"?>
<!DOCTYPE log SYSTEM "logger.dtd">
<log>
<record>
  <date>2021-04-05T02:48:44</date>
  <millis>1617565724342</millis>
  <sequence>0</sequence>
  <logger>com.javacodegeeks.snippets.core</logger>
  <level>SEVERE</level>
  <class>main.java.LogFile</class>
  <method>update</method>
  <thread>1</thread>
  <message>baby</message>
</record>
</log>
<?xml version="1.0" encoding="windows-1252" standalone="no"?>
<!DOCTYPE log SYSTEM "logger.dtd">
<log>
<record>
  <date>2021-04-05T03:15:37</date>
  <millis>1617567337967</millis>
  <sequence>0</sequence>
  <logger>com.javacodegeeks.snippets.core</logger>
  <level>SEVERE</level>
  <class>main.java.LogFile</class>
  <method>update</method>
  <thread>1</thread>
  <message>baby</message>
</record>
</log>
<?xml version="1.0" encoding="windows-1252" standalone="no"?>
<!DOCTYPE log SYSTEM "logger.dtd">
<log>
<record>
  <date>2021-04-05T03:19:32</date>
  <millis>1617567572024</millis>
  <sequence>0</sequence>
  <logger>com.javacodegeeks.snippets.core</logger>
  <level>SEVERE</level>
  <class>main.java.LogFile</class>
  <method>update</method>
  <thread>1</thread>
  <message>baby</message>
</record>
</log>
<?xml version="1.0" encoding="windows-1252" standalone="no"?>
<!DOCTYPE log SYSTEM "logger.dtd">
<log>
<record>
  <date>2021-04-05T03:23:04</date>
  <millis>1617567784807</millis>
  <sequence>0</sequence>
  <logger>com.javacodegeeks.snippets.core</logger>
  <level>SEVERE</level>
  <class>main.java.LogFile</class>
  <method>update</method>
  <thread>1</thread>
  <message>baby</message>
</record>
</log>
<?xml version="1.0" encoding="windows-1252" standalone="no"?>
<!DOCTYPE log SYSTEM "logger.dtd">
<log>
<record>
  <date>2021-04-05T03:23:35</date>
  <millis>1617567815943</millis>
  <sequence>0</sequence>
  <logger>com.javacodegeeks.snippets.core</logger>
  <level>SEVERE</level>
  <class>main.java.LogFile</class>
  <method>update</method>
  <thread>1</thread>
  <message>baby</message>
</record>
</log>
<?xml version="1.0" encoding="windows-1252" standalone="no"?>
<!DOCTYPE log SYSTEM "logger.dtd">
<log>
<record>
  <date>2021-04-05T03:24:48</date>
  <millis>1617567888316</millis>
  <sequence>0</sequence>
  <logger>com.javacodegeeks.snippets.core</logger>
  <level>SEVERE</level>
  <class>main.java.LogFile</class>
  <method>update</method>
  <thread>1</thread>
  <message>baby</message>
</record>
</log>
<?xml version="1.0" encoding="windows-1252" standalone="no"?>
<!DOCTYPE log SYSTEM "logger.dtd">
<log>
<record>
  <date>2021-04-05T03:29:00</date>
  <millis>1617568140507</millis>
  <sequence>0</sequence>
  <logger>com.javacodegeeks.snippets.core</logger>
  <level>SEVERE</level>
  <class>main.java.LogFile</class>
  <method>update</method>
  <thread>1</thread>
  <message>baby</message>
</record>
</log>
<?xml version="1.0" encoding="windows-1252" standalone="no"?>
<!DOCTYPE log SYSTEM "logger.dtd">
<log>
<record>
  <date>2021-04-05T03:30:07</date>
  <millis>1617568207059</millis>
  <sequence>0</sequence>
  <logger>com.javacodegeeks.snippets.core</logger>
  <level>SEVERE</level>
  <class>main.java.LogFile</class>
  <method>update</method>
  <thread>1</thread>
  <message>baby</message>
</record>
</log>
<?xml version="1.0" encoding="windows-1252" standalone="no"?>
<!DOCTYPE log SYSTEM "logger.dtd">
<log>
<record>
  <date>2021-04-05T03:30:50</date>
  <millis>1617568250627</millis>
  <sequence>0</sequence>
  <logger>com.javacodegeeks.snippets.core</logger>
  <level>SEVERE</level>
  <class>main.java.LogFile</class>
  <method>update</method>
  <thread>1</thread>
  <message>baby</message>
</record>
</log>
<?xml version="1.0" encoding="windows-1252" standalone="no"?>
<!DOCTYPE log SYSTEM "logger.dtd">
<log>
<record>
  <date>2021-04-05T03:31:43</date>
  <millis>1617568303599</millis>
  <sequence>0</sequence>
  <logger>com.javacodegeeks.snippets.core</logger>
  <level>SEVERE</level>
  <class>main.java.LogFile</class>
  <method>update</method>
  <thread>1</thread>
  <message>baby</message>
</record>
</log>
